[13:57:59] [ServerMain/INFO]: Environment: authHost='https://authserver.mojang.com', accountsHost='https://api.mojang.com', sessionHost='https://sessionserver.mojang.com', servicesHost='https://api.minecraftservices.com', name='PROD'
[13:57:59] [ServerMain/INFO]: Reloading ResourceManager: Default, bukkit
[13:58:00] [Worker-Main-4/INFO]: Loaded 7 recipes
[13:58:02] [Server thread/INFO]: Starting minecraft server version 1.18
[13:58:02] [Server thread/INFO]: Loading properties
[13:58:03] [Server thread/INFO]: This server is running Paper version git-Paper-66 (MC: 1.18) (Implementing API version 1.18-R0.1-SNAPSHOT) (Git: dce79f3)
[13:58:03] [Server thread/INFO]: Server Ping Player Sample Count: 12
[13:58:03] [Server thread/INFO]: Using 4 threads for Netty based IO
[13:58:03] [Server thread/INFO]: Default game type: SURVIVAL
[13:58:03] [Server thread/INFO]: Generating keypair
[13:58:03] [Server thread/INFO]: Starting Minecraft server on *:25565
[13:58:03] [Server thread/INFO]: Using default channel type
[13:58:03] [Server thread/INFO]: Paper: Using Java 11 compression from Velocity.
[13:58:03] [Server thread/INFO]: Paper: Using Java cipher from Velocity.
[13:58:04] [Server thread/INFO]: [ViaVersion] Loading ViaVersion v5.4.1
[13:58:04] [Server thread/INFO]: [ViaVersion] ViaVersion 5.4.1 is now loaded. Registering protocol transformers and injecting...
[13:58:05] [Via-Mappingloader-0/INFO]: [ViaVersion] Loading block connection mappings ...
[13:58:06] [Via-Mappingloader-0/INFO]: [ViaVersion] Using FastUtil Long2ObjectOpenHashMap for block connections
[13:58:06] [Server thread/INFO]: [ViaBackwards] Loading translations...
[13:58:06] [Server thread/INFO]: [ViaBackwards] Registering protocols...
[13:58:08] [Server thread/INFO]: [LiteBans] Loading LiteBans v2.17.2
[13:58:08] [Server thread/INFO]: [ViaBackwards] Loading ViaBackwards v5.4.2
[13:58:08] [Server thread/INFO]: [LitebansPunishments] Loading LitebansPunishments v1.0
[13:58:08] [Server thread/INFO]: Server permissions file permissions.yml is empty, ignoring it
[13:58:08] [Server thread/INFO]: Preparing level "world"
[13:58:11] [Server thread/INFO]: Preparing start region for dimension minecraft:overworld
[13:58:11] [Server thread/INFO]: Preparing spawn area: 0%
[13:58:11] [Server thread/INFO]: Time elapsed: 211 ms
[13:58:11] [Server thread/INFO]: Preparing start region for dimension minecraft:the_nether
[13:58:11] [Server thread/INFO]: Preparing spawn area: 0%
[13:58:11] [Server thread/INFO]: Time elapsed: 108 ms
[13:58:12] [Server thread/INFO]: Preparing start region for dimension minecraft:the_end
[13:58:14] [Worker-Main-3/INFO]: Preparing spawn area: 0%
[13:58:14] [Worker-Main-2/INFO]: Preparing spawn area: 0%
[13:58:14] [Worker-Main-2/INFO]: Preparing spawn area: 0%
[13:58:14] [Worker-Main-2/INFO]: Preparing spawn area: 0%
[13:58:14] [Worker-Main-1/INFO]: Preparing spawn area: 0%
[13:58:14] [Server thread/INFO]: Time elapsed: 2346 ms
[13:58:14] [Server thread/INFO]: [ViaVersion] Enabling ViaVersion v5.4.1
[13:58:14] [Server thread/INFO]: [ViaVersion] ViaVersion detected server version: 1.18-1.18.1 (757)
[13:58:14] [Server thread/WARN]: [ViaVersion] Please update your Java runtime to at least Java 21 (your version is 17.0.11).
[13:58:14] [Server thread/WARN]: [ViaVersion] At some point in the future, ViaVersion will no longer be compatible with this version of Java.
[13:58:14] [Server thread/INFO]: [LiteBans] Enabling LiteBans v2.17.2
[13:58:15] [Server thread/INFO]: [LiteBans] Using system locale (es)
[13:58:15] [Server thread/INFO]: [LiteBans] Loaded 2 templates from templates.yml!
[13:58:16] [Server thread/INFO]: [LiteBans] Loading: h2 1.4.197
[13:58:16] [Server thread/INFO]: [LiteBans] Connecting to database...
[13:58:16] [Server thread/INFO]: [LiteBans] Connected to H2 database successfully (555,7 ms).
[13:58:16] [Server thread/INFO]: [LiteBans] Database connection fully initialized (570,6 ms).
[13:58:16] [Server thread/INFO]: [LiteBans] v2.17.2 enabled. Startup took 588 ms.
[13:58:16] [Server thread/INFO]: [ViaBackwards] Enabling ViaBackwards v5.4.2
[13:58:16] [Server thread/INFO]: [LitebansPunishments] Enabling LitebansPunishments v1.0
[13:58:16] [Server thread/INFO]: Running delayed init tasks
[13:58:16] [Server thread/INFO]: Done (14.124s)! For help, type "help"
[13:58:16] [Server thread/INFO]: Timings Reset
[13:58:16] [Craft Scheduler Thread - 2 - ViaVersion/INFO]: [ViaVersion] Finished mapping loading, shutting down loader executor.
[13:58:17] [Server thread/WARN]: [ViaVersion] There is a newer plugin version available: 5.4.2, you're on: 5.4.1
[13:58:27] [User Authenticator #1/INFO]: UUID of player Rexigamer666 is 3fe8ef0e-c4ae-4db3-8481-76618f855453
[13:58:27] [Server thread/INFO]: Rexigamer666 joined the game
[13:58:27] [Server thread/INFO]: Rexigamer666[/127.0.0.1:55939] logged in with entity id 58 at ([world]85.5, 64.0, -22.5)
[13:58:35] [Server thread/INFO]: Rexigamer666 issued server command: /punish Rexigamer666
[13:58:49] [Server thread/WARN]: Can't keep up! Is the server overloaded? Running 5109ms or 102 ticks behind
[13:58:49] [Server thread/INFO]: Rexigamer666 issued server command: /punish
